<?xml version="1.0" encoding="UTF-8"?>
<testng-results ignored="0" total="1" passed="1" failed="0" skipped="0">
  <reporter-output>
  </reporter-output>
  <suite started-at="2024-03-11T01:47:37 IST" name="Suite" finished-at="2024-03-11T01:48:13 IST" duration-ms="36616">
    <groups>
    </groups>
    <test started-at="2024-03-11T01:47:37 IST" name="FlipkartTest" finished-at="2024-03-11T01:48:13 IST" duration-ms="36616">
      <class name="Flipkart_Tests.FlipkartTest">
        <test-method is-config="true" signature="beforeMethod(java.lang.String)[pri:0, instance:Flipkart_Tests.FlipkartTest@67c27493]" started-at="2024-03-11T01:47:37 IST" name="beforeMethod" finished-at="2024-03-11T01:47:56 IST" duration-ms="19336" status="PASS">
          <params>
            <param index="0">
              <value>
                <![CDATA[chrome]]>
              </value>
            </param>
          </params>
          <reporter-output>
          </reporter-output>
        </test-method> <!-- beforeMethod -->
        <test-method is-config="true" signature="setupMethod()[pri:0, instance:Flipkart_Tests.FlipkartTest@67c27493]" started-at="2024-03-11T01:47:56 IST" name="setupMethod" finished-at="2024-03-11T01:47:56 IST" duration-ms="3" status="PASS">
          <reporter-output>
          </reporter-output>
        </test-method> <!-- setupMethod -->
        <test-method signature="SearchProduct()[pri:1, instance:Flipkart_Tests.FlipkartTest@67c27493]" started-at="2024-03-11T01:47:56 IST" name="SearchProduct" description="Flipkart Login Test" finished-at="2024-03-11T01:48:13 IST" duration-ms="16594" status="PASS">
          <reporter-output>
          </reporter-output>
        </test-method> <!-- SearchProduct -->
        <test-method is-config="true" signature="afterMethod()[pri:0, instance:Flipkart_Tests.FlipkartTest@67c27493]" started-at="2024-03-11T01:48:13 IST" name="afterMethod" finished-at="2024-03-11T01:48:13 IST" duration-ms="633" status="PASS">
          <reporter-output>
          </reporter-output>
        </test-method> <!-- afterMethod -->
      </class> <!-- Flipkart_Tests.FlipkartTest -->
    </test> <!-- FlipkartTest -->
  </suite> <!-- Suite -->
</testng-results>
